[ 2019-09-02T11:56:00+08:00 ] ::1 /tp32-layuicms/
INFO: [ app_init ] --START--
INFO: Run Behavior\BuildLiteBehavior [ RunTime:0.000041s ]
INFO: [ app_init ] --END-- [ RunTime:0.000886s ]
INFO: [ app_begin ] --START--
INFO: Run Behavior\ReadHtmlCacheBehavior [ RunTime:0.001245s ]
INFO: [ app_begin ] --END-- [ RunTime:0.001434s ]
INFO: [ view_parse ] --START--
INFO: [ template_filter ] --START--
INFO: Run Behavior\ContentReplaceBehavior [ RunTime:0.000769s ]
INFO: [ template_filter ] --END-- [ RunTime:0.000958s ]
INFO: Run Behavior\ParseTemplateBehavior [ RunTime:0.010243s ]
INFO: [ view_parse ] --END-- [ RunTime:0.010444s ]
INFO: [ view_filter ] --START--
INFO: Run Behavior\WriteHtmlCacheBehavior [ RunTime:0.000708s ]
INFO: [ view_filter ] --END-- [ RunTime:0.000879s ]
INFO: [ app_end ] --START--
INFO: Run Behavior\ShowPageTraceBehavior [ RunTime:0.001149s ]
INFO: [ app_end ] --END-- [ RunTime:0.001349s ]

[ 2019-09-02T12:12:52+08:00 ] ::1 /tp32-layuicms/
INFO: [ app_init ] --START--
INFO: Run Behavior\BuildLiteBehavior [ RunTime:0.000039s ]
INFO: [ app_init ] --END-- [ RunTime:0.000845s ]
INFO: [ app_begin ] --START--
INFO: Run Behavior\ReadHtmlCacheBehavior [ RunTime:0.000994s ]
INFO: [ app_begin ] --END-- [ RunTime:0.001175s ]
NOTIC: [4096] Object of class Home\Controller\IndexController could not be converted to string D:\wamp64\www\tp32-layuicms\Application\Home\Controller\IndexController.class.php 第 6 行.
NOTIC: [8] Object of class Home\Controller\IndexController to string conversion D:\wamp64\www\tp32-layuicms\Application\Home\Controller\IndexController.class.php 第 6 行.
NOTIC: [8] Undefined variable: Object D:\wamp64\www\tp32-layuicms\Application\Home\Controller\IndexController.class.php 第 6 行.

[ 2019-09-02T12:13:13+08:00 ] ::1 /tp32-layuicms/
INFO: [ app_init ] --START--
INFO: Run Behavior\BuildLiteBehavior [ RunTime:0.000066s ]
INFO: [ app_init ] --END-- [ RunTime:0.002228s ]
INFO: [ app_begin ] --START--
INFO: Run Behavior\ReadHtmlCacheBehavior [ RunTime:0.000825s ]
INFO: [ app_begin ] --END-- [ RunTime:0.001006s ]

[ 2019-09-02T16:27:28+08:00 ] ::1 /tp32-layuicms/index.php
INFO: [ app_init ] --START--
INFO: Run Behavior\BuildLiteBehavior [ RunTime:0.000060s ]
INFO: [ app_init ] --END-- [ RunTime:0.000722s ]
INFO: [ app_begin ] --START--
INFO: Run Behavior\ReadHtmlCacheBehavior [ RunTime:0.000709s ]
INFO: [ app_begin ] --END-- [ RunTime:0.000884s ]

